<?xml version="1.0" encoding="UTF-8"?>
<!-- Generated by org.testng.reporters.JUnitReportReporter -->
<testsuite skipped="0" hostname="DESKTOP-HV9QF0V" name="lambdaDemo.LaunchBrowser" tests="1" failures="0" timestamp="06 Mar 2023 15:06:01 GMT" time="0.017" errors="0">
  <testcase name="myTest" time="0.017" classname="lambdaDemo.LaunchBrowser"/>
</testsuite> <!-- lambdaDemo.LaunchBrowser -->
